<?xml version="1.0" encoding="UTF-8"?>
<coverage generated="1707715643644" clover="3.2.0">
  <project timestamp="1707715643644" name="All files">
    <metrics statements="78" coveredstatements="75" conditionals="51" coveredconditionals="45" methods="9" coveredmethods="9" elements="138" coveredelements="129" complexity="0" loc="78" ncloc="78" packages="1" files="1" classes="1"/>
    <file name="serialization.js" path="/Users/spago/School/Brown/Semester IV/CSCI 1380/M1/cs1380-m1/distribution/util/serialization.js">
      <metrics statements="78" coveredstatements="75" conditionals="51" coveredconditionals="45" methods="9" coveredmethods="9"/>
      <line num="2" count="197" type="cond" truecount="2" falsecount="0"/>
      <line num="3" count="3" type="stmt"/>
      <line num="5" count="194" type="cond" truecount="2" falsecount="0"/>
      <line num="6" count="126" type="stmt"/>
      <line num="8" count="68" type="cond" truecount="2" falsecount="0"/>
      <line num="9" count="5" type="stmt"/>
      <line num="11" count="63" type="cond" truecount="1" falsecount="1"/>
      <line num="12" count="0" type="stmt"/>
      <line num="14" count="63" type="cond" truecount="2" falsecount="0"/>
      <line num="15" count="56" type="cond" truecount="2" falsecount="0"/>
      <line num="16" count="13" type="stmt"/>
      <line num="18" count="43" type="stmt"/>
      <line num="20" count="7" type="stmt"/>
      <line num="24" count="115" type="stmt"/>
      <line num="25" count="108" type="cond" truecount="5" falsecount="0"/>
      <line num="26" count="72" type="stmt"/>
      <line num="31" count="36" type="cond" truecount="2" falsecount="0"/>
      <line num="32" count="2" type="stmt"/>
      <line num="39" count="34" type="cond" truecount="2" falsecount="0"/>
      <line num="41" count="34" type="cond" truecount="2" falsecount="0"/>
      <line num="43" count="5" type="stmt"/>
      <line num="44" count="5" type="stmt"/>
      <line num="45" count="5" type="stmt"/>
      <line num="50" count="29" type="stmt"/>
      <line num="51" count="29" type="stmt"/>
      <line num="52" count="29" type="stmt"/>
      <line num="54" count="29" type="cond" truecount="2" falsecount="0"/>
      <line num="55" count="7" type="stmt"/>
      <line num="58" count="38" type="stmt"/>
      <line num="62" count="22" type="stmt"/>
      <line num="63" count="22" type="stmt"/>
      <line num="64" count="53" type="cond" truecount="1" falsecount="1"/>
      <line num="65" count="53" type="stmt"/>
      <line num="68" count="18" type="stmt"/>
      <line num="78" count="24" type="stmt"/>
      <line num="79" count="24" type="stmt"/>
      <line num="83" count="82" type="cond" truecount="2" falsecount="0"/>
      <line num="84" count="57" type="stmt"/>
      <line num="86" count="25" type="cond" truecount="2" falsecount="0"/>
      <line num="87" count="2" type="stmt"/>
      <line num="89" count="23" type="cond" truecount="1" falsecount="1"/>
      <line num="90" count="0" type="stmt"/>
      <line num="92" count="23" type="cond" truecount="2" falsecount="0"/>
      <line num="93" count="1" type="stmt"/>
      <line num="96" count="22" type="cond" truecount="2" falsecount="0"/>
      <line num="98" count="6" type="stmt"/>
      <line num="99" count="6" type="stmt"/>
      <line num="100" count="6" type="stmt"/>
      <line num="102" count="6" type="stmt"/>
      <line num="103" count="33" type="stmt"/>
      <line num="105" count="6" type="stmt"/>
      <line num="108" count="16" type="cond" truecount="2" falsecount="0"/>
      <line num="110" count="13" type="stmt"/>
      <line num="111" count="13" type="stmt"/>
      <line num="112" count="13" type="stmt"/>
      <line num="114" count="13" type="stmt"/>
      <line num="115" count="33" type="cond" truecount="1" falsecount="1"/>
      <line num="116" count="33" type="stmt"/>
      <line num="120" count="13" type="stmt"/>
      <line num="122" count="3" type="cond" truecount="1" falsecount="1"/>
      <line num="124" count="3" type="stmt"/>
      <line num="127" count="0" type="stmt"/>
      <line num="131" count="82" type="stmt"/>
      <line num="133" count="82" type="cond" truecount="2" falsecount="0"/>
      <line num="134" count="33" type="stmt"/>
      <line num="137" count="76" type="cond" truecount="2" falsecount="0"/>
      <line num="138" count="16" type="cond" truecount="2" falsecount="0"/>
      <line num="139" count="3" type="stmt"/>
      <line num="140" count="3" type="stmt"/>
      <line num="144" count="13" type="stmt"/>
      <line num="145" count="33" type="cond" truecount="1" falsecount="1"/>
      <line num="146" count="33" type="stmt"/>
      <line num="149" count="13" type="stmt"/>
      <line num="152" count="60" type="stmt"/>
      <line num="156" count="16" type="stmt"/>
      <line num="157" count="16" type="stmt"/>
      <line num="158" count="16" type="stmt"/>
      <line num="161" count="2" type="stmt"/>
    </file>
  </project>
</coverage>
