{"/Users/spago/School/Brown/Semester IV/CSCI 1380/M1/cs1380-m1/distribution/util/serialization.js": {"path":"/Users/spago/School/Brown/Semester IV/CSCI 1380/M1/cs1380-m1/distribution/util/serialization.js","statementMap":{"0":{"start":{"line":2,"column":2},"end":{"line":4,"column":3}},"1":{"start":{"line":3,"column":4},"end":{"line":3,"column":18}},"2":{"start":{"line":5,"column":2},"end":{"line":7,"column":3}},"3":{"start":{"line":6,"column":4},"end":{"line":6,"column":20}},"4":{"start":{"line":8,"column":2},"end":{"line":10,"column":3}},"5":{"start":{"line":9,"column":4},"end":{"line":9,"column":20}},"6":{"start":{"line":11,"column":2},"end":{"line":13,"column":3}},"7":{"start":{"line":12,"column":4},"end":{"line":12,"column":21}},"8":{"start":{"line":14,"column":2},"end":{"line":19,"column":3}},"9":{"start":{"line":15,"column":4},"end":{"line":17,"column":5}},"10":{"start":{"line":16,"column":6},"end":{"line":16,"column":21}},"11":{"start":{"line":18,"column":4},"end":{"line":18,"column":20}},"12":{"start":{"line":20,"column":2},"end":{"line":20,"column":62}},"13":{"start":{"line":24,"column":15},"end":{"line":24,"column":30}},"14":{"start":{"line":25,"column":2},"end":{"line":30,"column":3}},"15":{"start":{"line":26,"column":4},"end":{"line":29,"column":6}},"16":{"start":{"line":31,"column":2},"end":{"line":36,"column":3}},"17":{"start":{"line":32,"column":4},"end":{"line":35,"column":6}},"18":{"start":{"line":39,"column":2},"end":{"line":39,"column":56}},"19":{"start":{"line":41,"column":2},"end":{"line":74,"column":3}},"20":{"start":{"line":43,"column":22},"end":{"line":43,"column":43}},"21":{"start":{"line":44,"column":4},"end":{"line":44,"column":44}},"22":{"start":{"line":45,"column":4},"end":{"line":48,"column":6}},"23":{"start":{"line":50,"column":22},"end":{"line":50,"column":42}},"24":{"start":{"line":51,"column":4},"end":{"line":51,"column":26}},"25":{"start":{"line":52,"column":4},"end":{"line":52,"column":37}},"26":{"start":{"line":54,"column":4},"end":{"line":73,"column":5}},"27":{"start":{"line":55,"column":6},"end":{"line":60,"column":8}},"28":{"start":{"line":58,"column":41},"end":{"line":59,"column":33}},"29":{"start":{"line":62,"column":21},"end":{"line":62,"column":23}},"30":{"start":{"line":63,"column":6},"end":{"line":67,"column":7}},"31":{"start":{"line":64,"column":8},"end":{"line":66,"column":9}},"32":{"start":{"line":65,"column":10},"end":{"line":65,"column":78}},"33":{"start":{"line":68,"column":6},"end":{"line":72,"column":8}},"34":{"start":{"line":78,"column":2},"end":{"line":78,"column":24}},"35":{"start":{"line":79,"column":2},"end":{"line":79,"column":74}},"36":{"start":{"line":83,"column":2},"end":{"line":85,"column":3}},"37":{"start":{"line":84,"column":4},"end":{"line":84,"column":32}},"38":{"start":{"line":86,"column":2},"end":{"line":88,"column":3}},"39":{"start":{"line":87,"column":4},"end":{"line":87,"column":24}},"40":{"start":{"line":89,"column":2},"end":{"line":91,"column":3}},"41":{"start":{"line":90,"column":4},"end":{"line":90,"column":35}},"42":{"start":{"line":92,"column":2},"end":{"line":94,"column":3}},"43":{"start":{"line":93,"column":4},"end":{"line":93,"column":16}},"44":{"start":{"line":96,"column":2},"end":{"line":106,"column":3}},"45":{"start":{"line":98,"column":4},"end":{"line":98,"column":59}},"46":{"start":{"line":99,"column":23},"end":{"line":99,"column":25}},"47":{"start":{"line":100,"column":4},"end":{"line":100,"column":43}},"48":{"start":{"line":102,"column":4},"end":{"line":103,"column":42}},"49":{"start":{"line":103,"column":6},"end":{"line":103,"column":40}},"50":{"start":{"line":105,"column":4},"end":{"line":105,"column":24}},"51":{"start":{"line":108,"column":2},"end":{"line":121,"column":3}},"52":{"start":{"line":110,"column":4},"end":{"line":110,"column":59}},"53":{"start":{"line":111,"column":17},"end":{"line":111,"column":19}},"54":{"start":{"line":112,"column":4},"end":{"line":112,"column":37}},"55":{"start":{"line":114,"column":4},"end":{"line":118,"column":5}},"56":{"start":{"line":115,"column":6},"end":{"line":117,"column":7}},"57":{"start":{"line":116,"column":8},"end":{"line":116,"column":67}},"58":{"start":{"line":120,"column":4},"end":{"line":120,"column":18}},"59":{"start":{"line":122,"column":2},"end":{"line":125,"column":3}},"60":{"start":{"line":124,"column":4},"end":{"line":124,"column":18}},"61":{"start":{"line":127,"column":2},"end":{"line":127,"column":69}},"62":{"start":{"line":131,"column":17},"end":{"line":131,"column":32}},"63":{"start":{"line":133,"column":2},"end":{"line":135,"column":3}},"64":{"start":{"line":134,"column":4},"end":{"line":134,"column":72}},"65":{"start":{"line":134,"column":35},"end":{"line":134,"column":70}},"66":{"start":{"line":137,"column":2},"end":{"line":150,"column":3}},"67":{"start":{"line":138,"column":4},"end":{"line":141,"column":5}},"68":{"start":{"line":139,"column":6},"end":{"line":139,"column":61}},"69":{"start":{"line":140,"column":6},"end":{"line":140,"column":38}},"70":{"start":{"line":144,"column":4},"end":{"line":148,"column":5}},"71":{"start":{"line":145,"column":6},"end":{"line":147,"column":7}},"72":{"start":{"line":146,"column":8},"end":{"line":146,"column":62}},"73":{"start":{"line":149,"column":4},"end":{"line":149,"column":18}},"74":{"start":{"line":152,"column":2},"end":{"line":152,"column":16}},"75":{"start":{"line":156,"column":2},"end":{"line":156,"column":24}},"76":{"start":{"line":157,"column":2},"end":{"line":157,"column":57}},"77":{"start":{"line":158,"column":2},"end":{"line":158,"column":44}},"78":{"start":{"line":161,"column":0},"end":{"line":164,"column":2}}},"fnMap":{"0":{"name":"getType","decl":{"start":{"line":1,"column":9},"end":{"line":1,"column":16}},"loc":{"start":{"line":1,"column":25},"end":{"line":21,"column":1}},"line":1},"1":{"name":"recursiveSerialize","decl":{"start":{"line":23,"column":9},"end":{"line":23,"column":27}},"loc":{"start":{"line":23,"column":58},"end":{"line":75,"column":1}},"line":23},"2":{"name":"(anonymous_2)","decl":{"start":{"line":58,"column":28},"end":{"line":58,"column":29}},"loc":{"start":{"line":58,"column":41},"end":{"line":59,"column":33}},"line":58},"3":{"name":"serialize","decl":{"start":{"line":77,"column":9},"end":{"line":77,"column":18}},"loc":{"start":{"line":77,"column":27},"end":{"line":80,"column":1}},"line":77},"4":{"name":"buildObjectMap","decl":{"start":{"line":82,"column":9},"end":{"line":82,"column":23}},"loc":{"start":{"line":82,"column":43},"end":{"line":128,"column":1}},"line":82},"5":{"name":"(anonymous_5)","decl":{"start":{"line":102,"column":36},"end":{"line":102,"column":37}},"loc":{"start":{"line":103,"column":6},"end":{"line":103,"column":40}},"line":103},"6":{"name":"injectObjectMap","decl":{"start":{"line":130,"column":9},"end":{"line":130,"column":24}},"loc":{"start":{"line":130,"column":44},"end":{"line":153,"column":1}},"line":130},"7":{"name":"(anonymous_7)","decl":{"start":{"line":134,"column":22},"end":{"line":134,"column":23}},"loc":{"start":{"line":134,"column":35},"end":{"line":134,"column":70}},"line":134},"8":{"name":"deserialize","decl":{"start":{"line":155,"column":9},"end":{"line":155,"column":20}},"loc":{"start":{"line":155,"column":29},"end":{"line":159,"column":1}},"line":155}},"branchMap":{"0":{"loc":{"start":{"line":2,"column":2},"end":{"line":4,"column":3}},"type":"if","locations":[{"start":{"line":2,"column":2},"end":{"line":4,"column":3}},{"start":{},"end":{}}],"line":2},"1":{"loc":{"start":{"line":5,"column":2},"end":{"line":7,"column":3}},"type":"if","locations":[{"start":{"line":5,"column":2},"end":{"line":7,"column":3}},{"start":{},"end":{}}],"line":5},"2":{"loc":{"start":{"line":8,"column":2},"end":{"line":10,"column":3}},"type":"if","locations":[{"start":{"line":8,"column":2},"end":{"line":10,"column":3}},{"start":{},"end":{}}],"line":8},"3":{"loc":{"start":{"line":11,"column":2},"end":{"line":13,"column":3}},"type":"if","locations":[{"start":{"line":11,"column":2},"end":{"line":13,"column":3}},{"start":{},"end":{}}],"line":11},"4":{"loc":{"start":{"line":14,"column":2},"end":{"line":19,"column":3}},"type":"if","locations":[{"start":{"line":14,"column":2},"end":{"line":19,"column":3}},{"start":{},"end":{}}],"line":14},"5":{"loc":{"start":{"line":15,"column":4},"end":{"line":17,"column":5}},"type":"if","locations":[{"start":{"line":15,"column":4},"end":{"line":17,"column":5}},{"start":{},"end":{}}],"line":15},"6":{"loc":{"start":{"line":25,"column":2},"end":{"line":30,"column":3}},"type":"if","locations":[{"start":{"line":25,"column":2},"end":{"line":30,"column":3}},{"start":{},"end":{}}],"line":25},"7":{"loc":{"start":{"line":25,"column":6},"end":{"line":25,"column":66}},"type":"binary-expr","locations":[{"start":{"line":25,"column":6},"end":{"line":25,"column":23}},{"start":{"line":25,"column":27},"end":{"line":25,"column":44}},{"start":{"line":25,"column":48},"end":{"line":25,"column":66}}],"line":25},"8":{"loc":{"start":{"line":31,"column":2},"end":{"line":36,"column":3}},"type":"if","locations":[{"start":{"line":31,"column":2},"end":{"line":36,"column":3}},{"start":{},"end":{}}],"line":31},"9":{"loc":{"start":{"line":39,"column":17},"end":{"line":39,"column":54}},"type":"binary-expr","locations":[{"start":{"line":39,"column":17},"end":{"line":39,"column":33}},{"start":{"line":39,"column":37},"end":{"line":39,"column":54}}],"line":39},"10":{"loc":{"start":{"line":41,"column":2},"end":{"line":74,"column":3}},"type":"if","locations":[{"start":{"line":41,"column":2},"end":{"line":74,"column":3}},{"start":{"line":49,"column":9},"end":{"line":74,"column":3}}],"line":41},"11":{"loc":{"start":{"line":54,"column":4},"end":{"line":73,"column":5}},"type":"if","locations":[{"start":{"line":54,"column":4},"end":{"line":73,"column":5}},{"start":{"line":61,"column":11},"end":{"line":73,"column":5}}],"line":54},"12":{"loc":{"start":{"line":64,"column":8},"end":{"line":66,"column":9}},"type":"if","locations":[{"start":{"line":64,"column":8},"end":{"line":66,"column":9}},{"start":{},"end":{}}],"line":64},"13":{"loc":{"start":{"line":83,"column":2},"end":{"line":85,"column":3}},"type":"if","locations":[{"start":{"line":83,"column":2},"end":{"line":85,"column":3}},{"start":{},"end":{}}],"line":83},"14":{"loc":{"start":{"line":86,"column":2},"end":{"line":88,"column":3}},"type":"if","locations":[{"start":{"line":86,"column":2},"end":{"line":88,"column":3}},{"start":{},"end":{}}],"line":86},"15":{"loc":{"start":{"line":89,"column":2},"end":{"line":91,"column":3}},"type":"if","locations":[{"start":{"line":89,"column":2},"end":{"line":91,"column":3}},{"start":{},"end":{}}],"line":89},"16":{"loc":{"start":{"line":92,"column":2},"end":{"line":94,"column":3}},"type":"if","locations":[{"start":{"line":92,"column":2},"end":{"line":94,"column":3}},{"start":{},"end":{}}],"line":92},"17":{"loc":{"start":{"line":96,"column":2},"end":{"line":106,"column":3}},"type":"if","locations":[{"start":{"line":96,"column":2},"end":{"line":106,"column":3}},{"start":{},"end":{}}],"line":96},"18":{"loc":{"start":{"line":108,"column":2},"end":{"line":121,"column":3}},"type":"if","locations":[{"start":{"line":108,"column":2},"end":{"line":121,"column":3}},{"start":{},"end":{}}],"line":108},"19":{"loc":{"start":{"line":115,"column":6},"end":{"line":117,"column":7}},"type":"if","locations":[{"start":{"line":115,"column":6},"end":{"line":117,"column":7}},{"start":{},"end":{}}],"line":115},"20":{"loc":{"start":{"line":122,"column":2},"end":{"line":125,"column":3}},"type":"if","locations":[{"start":{"line":122,"column":2},"end":{"line":125,"column":3}},{"start":{},"end":{}}],"line":122},"21":{"loc":{"start":{"line":133,"column":2},"end":{"line":135,"column":3}},"type":"if","locations":[{"start":{"line":133,"column":2},"end":{"line":135,"column":3}},{"start":{},"end":{}}],"line":133},"22":{"loc":{"start":{"line":137,"column":2},"end":{"line":150,"column":3}},"type":"if","locations":[{"start":{"line":137,"column":2},"end":{"line":150,"column":3}},{"start":{},"end":{}}],"line":137},"23":{"loc":{"start":{"line":138,"column":4},"end":{"line":141,"column":5}},"type":"if","locations":[{"start":{"line":138,"column":4},"end":{"line":141,"column":5}},{"start":{},"end":{}}],"line":138},"24":{"loc":{"start":{"line":145,"column":6},"end":{"line":147,"column":7}},"type":"if","locations":[{"start":{"line":145,"column":6},"end":{"line":147,"column":7}},{"start":{},"end":{}}],"line":145}},"s":{"0":197,"1":3,"2":194,"3":126,"4":68,"5":5,"6":63,"7":0,"8":63,"9":56,"10":13,"11":43,"12":7,"13":115,"14":108,"15":72,"16":36,"17":2,"18":34,"19":34,"20":5,"21":5,"22":5,"23":29,"24":29,"25":29,"26":29,"27":7,"28":38,"29":22,"30":22,"31":53,"32":53,"33":18,"34":24,"35":24,"36":82,"37":57,"38":25,"39":2,"40":23,"41":0,"42":23,"43":1,"44":22,"45":6,"46":6,"47":6,"48":6,"49":33,"50":6,"51":16,"52":13,"53":13,"54":13,"55":13,"56":33,"57":33,"58":13,"59":3,"60":3,"61":0,"62":82,"63":82,"64":6,"65":33,"66":76,"67":16,"68":3,"69":3,"70":13,"71":33,"72":33,"73":13,"74":60,"75":16,"76":16,"77":16,"78":2},"f":{"0":197,"1":115,"2":38,"3":24,"4":82,"5":33,"6":82,"7":33,"8":16},"b":{"0":[3,194],"1":[126,68],"2":[5,63],"3":[0,63],"4":[56,7],"5":[13,43],"6":[72,36],"7":[108,39,36],"8":[2,34],"9":[34,27],"10":[5,29],"11":[7,22],"12":[53,0],"13":[57,25],"14":[2,23],"15":[0,23],"16":[1,22],"17":[6,16],"18":[13,3],"19":[33,0],"20":[3,0],"21":[6,76],"22":[16,60],"23":[3,13],"24":[33,0]},"_coverageSchema":"1a1c01bbd47fc00a2c39e90264f33305004495a9","hash":"fb0802a0acb5d77c08b8384fa45654587fad1c51"}
}
