TN:
SF:distribution/util/serialization.js
FN:1,getType
FN:23,recursiveSerialize
FN:58,(anonymous_2)
FN:77,serialize
FN:82,buildObjectMap
FN:102,(anonymous_5)
FN:130,injectObjectMap
FN:134,(anonymous_7)
FN:155,deserialize
FNF:9
FNH:9
FNDA:197,getType
FNDA:115,recursiveSerialize
FNDA:38,(anonymous_2)
FNDA:24,serialize
FNDA:82,buildObjectMap
FNDA:33,(anonymous_5)
FNDA:82,injectObjectMap
FNDA:33,(anonymous_7)
FNDA:16,deserialize
DA:2,197
DA:3,3
DA:5,194
DA:6,126
DA:8,68
DA:9,5
DA:11,63
DA:12,0
DA:14,63
DA:15,56
DA:16,13
DA:18,43
DA:20,7
DA:24,115
DA:25,108
DA:26,72
DA:31,36
DA:32,2
DA:39,34
DA:41,34
DA:43,5
DA:44,5
DA:45,5
DA:50,29
DA:51,29
DA:52,29
DA:54,29
DA:55,7
DA:58,38
DA:62,22
DA:63,22
DA:64,53
DA:65,53
DA:68,18
DA:78,24
DA:79,24
DA:83,82
DA:84,57
DA:86,25
DA:87,2
DA:89,23
DA:90,0
DA:92,23
DA:93,1
DA:96,22
DA:98,6
DA:99,6
DA:100,6
DA:102,6
DA:103,33
DA:105,6
DA:108,16
DA:110,13
DA:111,13
DA:112,13
DA:114,13
DA:115,33
DA:116,33
DA:120,13
DA:122,3
DA:124,3
DA:127,0
DA:131,82
DA:133,82
DA:134,33
DA:137,76
DA:138,16
DA:139,3
DA:140,3
DA:144,13
DA:145,33
DA:146,33
DA:149,13
DA:152,60
DA:156,16
DA:157,16
DA:158,16
DA:161,2
LF:78
LH:75
BRDA:2,0,0,3
BRDA:2,0,1,194
BRDA:5,1,0,126
BRDA:5,1,1,68
BRDA:8,2,0,5
BRDA:8,2,1,63
BRDA:11,3,0,0
BRDA:11,3,1,63
BRDA:14,4,0,56
BRDA:14,4,1,7
BRDA:15,5,0,13
BRDA:15,5,1,43
BRDA:25,6,0,72
BRDA:25,6,1,36
BRDA:25,7,0,108
BRDA:25,7,1,39
BRDA:25,7,2,36
BRDA:31,8,0,2
BRDA:31,8,1,34
BRDA:39,9,0,34
BRDA:39,9,1,27
BRDA:41,10,0,5
BRDA:41,10,1,29
BRDA:54,11,0,7
BRDA:54,11,1,22
BRDA:64,12,0,53
BRDA:64,12,1,0
BRDA:83,13,0,57
BRDA:83,13,1,25
BRDA:86,14,0,2
BRDA:86,14,1,23
BRDA:89,15,0,0
BRDA:89,15,1,23
BRDA:92,16,0,1
BRDA:92,16,1,22
BRDA:96,17,0,6
BRDA:96,17,1,16
BRDA:108,18,0,13
BRDA:108,18,1,3
BRDA:115,19,0,33
BRDA:115,19,1,0
BRDA:122,20,0,3
BRDA:122,20,1,0
BRDA:133,21,0,6
BRDA:133,21,1,76
BRDA:137,22,0,16
BRDA:137,22,1,60
BRDA:138,23,0,3
BRDA:138,23,1,13
BRDA:145,24,0,33
BRDA:145,24,1,0
BRF:51
BRH:45
end_of_record
